<?xml version="1.0" encoding="UTF-8"?>
<testng-results skipped="0" failed="0" ignored="0" total="1" passed="1">
  <reporter-output>
  </reporter-output>
  <suite name="Default suite" duration-ms="17509" started-at="2019-10-11T04:33:47Z" finished-at="2019-10-11T04:34:05Z">
    <groups>
    </groups>
    <test name="Default test" duration-ms="17509" started-at="2019-10-11T04:33:47Z" finished-at="2019-10-11T04:34:05Z">
      <class name="POMwithPageFactory.VerifyLogin">
        <test-method status="PASS" signature="checklogin()[pri:0, instance:POMwithPageFactory.VerifyLogin@2ef5e5e3]" name="checklogin" duration-ms="17459" started-at="2019-10-11T04:33:47Z" finished-at="2019-10-11T04:34:05Z">
          <reporter-output>
          </reporter-output>
        </test-method> <!-- checklogin -->
      </class> <!-- POMwithPageFactory.VerifyLogin -->
    </test> <!-- Default test -->
  </suite> <!-- Default suite -->
</testng-results>
